<?xml version="1.0" encoding="UTF-8"?>
<testng-results ignored="4" total="7" passed="3" failed="0" skipped="0">
  <reporter-output>
  </reporter-output>
  <suite started-at="2023-06-10T15:44:55 IST" name="Suite" finished-at="2023-06-10T15:46:25 IST" duration-ms="89997">
    <groups>
    </groups>
    <test started-at="2023-06-10T15:44:55 IST" name="Test" finished-at="2023-06-10T15:46:25 IST" duration-ms="89997">
      <class name="com.leaftaps.testcases.TC003_EditLead">
        <test-method is-config="true" signature="setValues()[pri:0, instance:com.leaftaps.testcases.TC003_EditLead@55a147cc]" started-at="2023-06-10T15:44:55 IST" name="setValues" finished-at="2023-06-10T15:44:55 IST" duration-ms="1" status="PASS">
          <reporter-output>
          </reporter-output>
        </test-method> <!-- setValues -->
        <test-method is-config="true" signature="startTestCase()[pri:0, instance:com.leaftaps.testcases.TC003_EditLead@55a147cc]" started-at="2023-06-10T15:45:48 IST" name="startTestCase" finished-at="2023-06-10T15:45:48 IST" duration-ms="1" status="PASS">
          <reporter-output>
          </reporter-output>
        </test-method> <!-- startTestCase -->
        <test-method is-config="true" signature="preCondition()[pri:0, instance:com.leaftaps.testcases.TC003_EditLead@55a147cc]" started-at="2023-06-10T15:45:49 IST" name="preCondition" finished-at="2023-06-10T15:45:57 IST" duration-ms="8673" status="PASS">
          <reporter-output>
          </reporter-output>
        </test-method> <!-- preCondition -->
        <test-method signature="runLogin(java.lang.String, java.lang.String, java.lang.String)[pri:0, instance:com.leaftaps.testcases.TC003_EditLead@55a147cc]" started-at="2023-06-10T15:45:57 IST" name="runLogin" data-provider="fetchData" finished-at="2023-06-10T15:46:25 IST" duration-ms="27684" status="PASS">
          <params>
            <param index="0">
              <value>
                <![CDATA[DemoSalesmanager]]>
              </value>
            </param>
            <param index="1">
              <value>
                <![CDATA[crmsfa]]>
              </value>
            </param>
            <param index="2">
              <value>
                <![CDATA[Indiana]]>
              </value>
            </param>
          </params>
          <reporter-output>
          </reporter-output>
        </test-method> <!-- runLogin -->
        <test-method is-config="true" signature="postCondition()[pri:0, instance:com.leaftaps.testcases.TC003_EditLead@55a147cc]" started-at="2023-06-10T15:46:25 IST" name="postCondition" finished-at="2023-06-10T15:46:25 IST" duration-ms="397" status="PASS">
          <reporter-output>
          </reporter-output>
        </test-method> <!-- postCondition -->
      </class> <!-- com.leaftaps.testcases.TC003_EditLead -->
      <class name="com.leaftaps.testcases.TC001_VerifyLogin">
        <test-method is-config="true" signature="startReport()[pri:0, instance:com.leaftaps.testcases.TC001_VerifyLogin@1a6d8329]" started-at="2023-06-10T15:44:55 IST" name="startReport" finished-at="2023-06-10T15:44:55 IST" duration-ms="391" status="PASS">
          <reporter-output>
          </reporter-output>
        </test-method> <!-- startReport -->
        <test-method is-config="true" signature="setValues()[pri:0, instance:com.leaftaps.testcases.TC001_VerifyLogin@1a6d8329]" started-at="2023-06-10T15:44:55 IST" name="setValues" finished-at="2023-06-10T15:44:55 IST" duration-ms="2" status="PASS">
          <reporter-output>
          </reporter-output>
        </test-method> <!-- setValues -->
        <test-method is-config="true" signature="startTestCase()[pri:0, instance:com.leaftaps.testcases.TC001_VerifyLogin@1a6d8329]" started-at="2023-06-10T15:44:55 IST" name="startTestCase" finished-at="2023-06-10T15:44:55 IST" duration-ms="19" status="PASS">
          <reporter-output>
          </reporter-output>
        </test-method> <!-- startTestCase -->
        <test-method is-config="true" signature="preCondition()[pri:0, instance:com.leaftaps.testcases.TC001_VerifyLogin@1a6d8329]" started-at="2023-06-10T15:44:57 IST" name="preCondition" finished-at="2023-06-10T15:45:10 IST" duration-ms="12521" status="PASS">
          <reporter-output>
          </reporter-output>
        </test-method> <!-- preCondition -->
        <test-method signature="runLogin(java.lang.String, java.lang.String)[pri:0, instance:com.leaftaps.testcases.TC001_VerifyLogin@1a6d8329]" started-at="2023-06-10T15:45:10 IST" name="runLogin" data-provider="fetchData" finished-at="2023-06-10T15:45:14 IST" duration-ms="4592" status="PASS">
          <params>
            <param index="0">
              <value>
                <![CDATA[Demosalesmanager]]>
              </value>
            </param>
            <param index="1">
              <value>
                <![CDATA[crmsfa]]>
              </value>
            </param>
          </params>
          <reporter-output>
          </reporter-output>
        </test-method> <!-- runLogin -->
        <test-method is-config="true" signature="postCondition()[pri:0, instance:com.leaftaps.testcases.TC001_VerifyLogin@1a6d8329]" started-at="2023-06-10T15:45:14 IST" name="postCondition" finished-at="2023-06-10T15:45:15 IST" duration-ms="497" status="PASS">
          <reporter-output>
          </reporter-output>
        </test-method> <!-- postCondition -->
        <test-method is-config="true" signature="endResult()[pri:0, instance:com.leaftaps.testcases.TC001_VerifyLogin@1a6d8329]" started-at="2023-06-10T15:46:25 IST" name="endResult" finished-at="2023-06-10T15:46:26 IST" duration-ms="868" status="PASS">
          <reporter-output>
          </reporter-output>
        </test-method> <!-- endResult -->
      </class> <!-- com.leaftaps.testcases.TC001_VerifyLogin -->
      <class name="com.leaftaps.testcases.TC002_CreateLead">
        <test-method is-config="true" signature="setValues()[pri:0, instance:com.leaftaps.testcases.TC002_CreateLead@1a942c18]" started-at="2023-06-10T15:44:55 IST" name="setValues" finished-at="2023-06-10T15:44:55 IST" duration-ms="2" status="PASS">
          <reporter-output>
          </reporter-output>
        </test-method> <!-- setValues -->
        <test-method is-config="true" signature="startTestCase()[pri:0, instance:com.leaftaps.testcases.TC002_CreateLead@1a942c18]" started-at="2023-06-10T15:45:15 IST" name="startTestCase" finished-at="2023-06-10T15:45:15 IST" duration-ms="0" status="PASS">
          <reporter-output>
          </reporter-output>
        </test-method> <!-- startTestCase -->
        <test-method is-config="true" signature="preCondition()[pri:0, instance:com.leaftaps.testcases.TC002_CreateLead@1a942c18]" started-at="2023-06-10T15:45:15 IST" name="preCondition" finished-at="2023-06-10T15:45:21 IST" duration-ms="5610" status="PASS">
          <reporter-output>
          </reporter-output>
        </test-method> <!-- preCondition -->
        <test-method signature="runLogin(java.lang.String, java.lang.String, java.lang.String, java.lang.String, java.lang.String)[pri:0, instance:com.leaftaps.testcases.TC002_CreateLead@1a942c18]" started-at="2023-06-10T15:45:21 IST" name="runLogin" data-provider="fetchData" finished-at="2023-06-10T15:45:48 IST" duration-ms="27115" status="PASS">
          <params>
            <param index="0">
              <value>
                <![CDATA[Demosalesmanager]]>
              </value>
            </param>
            <param index="1">
              <value>
                <![CDATA[crmsfa]]>
              </value>
            </param>
            <param index="2">
              <value>
                <![CDATA[Babu]]>
              </value>
            </param>
            <param index="3">
              <value>
                <![CDATA[M]]>
              </value>
            </param>
            <param index="4">
              <value>
                <![CDATA[Testleaf]]>
              </value>
            </param>
          </params>
          <reporter-output>
          </reporter-output>
        </test-method> <!-- runLogin -->
        <test-method is-config="true" signature="postCondition()[pri:0, instance:com.leaftaps.testcases.TC002_CreateLead@1a942c18]" started-at="2023-06-10T15:45:48 IST" name="postCondition" finished-at="2023-06-10T15:45:48 IST" duration-ms="497" status="PASS">
          <reporter-output>
          </reporter-output>
        </test-method> <!-- postCondition -->
      </class> <!-- com.leaftaps.testcases.TC002_CreateLead -->
    </test> <!-- Test -->
  </suite> <!-- Suite -->
</testng-results>
