<?xml version="1.0" encoding="UTF-8"?>
<!-- Generated by org.testng.reporters.JUnitXMLReporter -->
<testsuite ignored="4" hostname="DESKTOP-H4R4ML7" failures="0" tests="3" name="Test" time="89.997" errors="0" timestamp="2023-06-10T15:46:25 IST">
  <testcase classname="com.leaftaps.testcases.TC001_VerifyLogin" name="runLogin" time="4.592"/>
  <testcase classname="com.leaftaps.testcases.TC002_CreateLead" name="runLogin" time="27.115"/>
  <testcase classname="com.leaftaps.testcases.TC003_EditLead" name="runLogin" time="27.684"/>
  <testcase classname="com.framework.utils.Reporter" name="@AfterSuite endResult" time="0.0">
    <ignored/>
  </testcase> <!-- @AfterSuite endResult -->
  <testcase classname="com.framework.utils.Reporter" name="@AfterSuite endResult" time="0.0">
    <ignored/>
  </testcase> <!-- @AfterSuite endResult -->
  <testcase classname="com.framework.utils.Reporter" name="@BeforeSuite startReport" time="0.0">
    <ignored/>
  </testcase> <!-- @BeforeSuite startReport -->
  <testcase classname="com.framework.utils.Reporter" name="@BeforeSuite startReport" time="0.0">
    <ignored/>
  </testcase> <!-- @BeforeSuite startReport -->
</testsuite> <!-- Test -->
